#
# A fatal error has been detected by the Java Runtime Environment:
#
#  EXCEPTION_ACCESS_VIOLATION (0xc0000005) at pc=0x00007fff11416295, pid=19124, tid=5464
#
# JRE version: OpenJDK Runtime Environment (11.0.2+9) (build 11.0.2+9)
# Java VM: OpenJDK 64-Bit Server VM (11.0.2+9, mixed mode, tiered, compressed oops, g1 gc, windows-amd64)
# Problematic frame:
# V  [jvm.dll+0x5e6295]
#
# No core dump will be written. Minidumps are not enabled by default on client versions of Windows
#
# If you would like to submit a bug report, please visit:
#   http://bugreport.java.com/bugreport/crash.jsp
#

---------------  S U M M A R Y ------------

Command Line: -Dfile.encoding=UTF-8 -agentpath:C:/Program Files/NetBeans-12.0/netbeans/profiler/lib/deployed/jdk16/windows-amd64/profilerinterface.dll=C:\Program Files\NetBeans-12.0\netbeans\profiler\lib,5140,10 -XX:+HeapDumpOnOutOfMemoryError -XX:HeapDumpPath=C:\Users\diego\Documents\Programacion\ProyectosJava\adminUniversidad\nbproject\private\profiler --module-path=C:\Users\diego\Documents\Programacion\ProyectosJava\adminUniversidad\build\classes com.uni.controller.Main

Host: Intel(R) Core(TM) i5-7200U CPU @ 2.50GHz, 4 cores, 7G,  Windows 10 , 64 bit Build 18362 (10.0.18362.1350)
Time: Thu Jun 10 21:27:23 2021 Hora de verano central (México) elapsed time: 2 seconds (0d 0h 0m 2s)

---------------  T H R E A D  ---------------

Current thread (0x00000293fdbbc800):  JavaThread "*** Profiler Agent Communication Thread" daemon [_thread_in_vm, id=5464, stack(0x000000abfaa00000,0x000000abfab00000)]

Stack: [0x000000abfaa00000,0x000000abfab00000],  sp=0x000000abfaaff0c0,  free space=1020k
Native frames: (J=compiled Java code, j=interpreted, Vv=VM code, C=native code)
V  [jvm.dll+0x5e6295]
V  [jvm.dll+0x4a7e10]
C  [profilerinterface.dll+0x34da]

Java frames: (J=compiled Java code, j=interpreted, Vv=VM code)
j  org.netbeans.lib.profiler.server.system.Stacks.getMethodNamesForJMethodIds(I[I[I)[B+0
j  org.netbeans.lib.profiler.server.ProfilerInterface.getMethodNamesForJMethodIds([I)Lorg/netbeans/lib/profiler/wireprotocol/MethodNamesResponse;+20
j  org.netbeans.lib.profiler.server.ProfilerServer.handleClientCommand(Lorg/netbeans/lib/profiler/wireprotocol/Command;)V+691
j  org.netbeans.lib.profiler.server.ProfilerServer.listenToClient()V+48
j  org.netbeans.lib.profiler.server.ProfilerServer.run()V+22
v  ~StubRoutines::call_stub

siginfo: EXCEPTION_ACCESS_VIOLATION (0xc0000005), reading address 0xfffffffffdf125a8


Register to memory mapping:

RIP=0x00007fff11416295 jvm.dll
RAX=0x000000abfaaff101 is pointing into the stack for thread: 0x00000293fdbbc800
RBX=0x00000293fdbbc800 is a thread
RCX=0xfffffffffdf125a8 is an unknown value
RDX=0x00000293fdbbc800 is a thread
RSP=0x000000abfaaff0c0 is pointing into the stack for thread: 0x00000293fdbbc800
RBP=0xfffffffffdf125a8 is an unknown value
RSI=0x00000293dcaedbf0 points into unknown readable memory: 90 01 83 11 ff 7f 00 00
RDI=0x000000abfaaff1e0 is pointing into the stack for thread: 0x00000293fdbbc800
R8 =0x000000abfaaff1e0 is pointing into the stack for thread: 0x00000293fdbbc800
R9 =0x0000000000000001 is an unknown value
R10=0x0 is NULL
R11=0x000000abfaaff0b8 is pointing into the stack for thread: 0x00000293fdbbc800
R12=0x000002938259c840 points into unknown readable memory: a8 25 f1 3d 78 b4 0a 40
R13=0x000000000000020f is an unknown value
R14=0x00007fff64379c68 profilerinterface.dll
R15=0x00007fff64379a60 profilerinterface.dll


Registers:
RAX=0x000000abfaaff101, RBX=0x00000293fdbbc800, RCX=0xfffffffffdf125a8, RDX=0x00000293fdbbc800
RSP=0x000000abfaaff0c0, RBP=0xfffffffffdf125a8, RSI=0x00000293dcaedbf0, RDI=0x000000abfaaff1e0
R8 =0x000000abfaaff1e0, R9 =0x0000000000000001, R10=0x0000000000000000, R11=0x000000abfaaff0b8
R12=0x000002938259c840, R13=0x000000000000020f, R14=0x00007fff64379c68, R15=0x00007fff64379a60
RIP=0x00007fff11416295, EFLAGS=0x0000000000010282

Top of Stack: (sp=0x000000abfaaff0c0)
0x000000abfaaff0c0:   00000293fdbbc800 00007fff1121053d
0x000000abfaaff0d0:   00000293fdbbc800 000000abfaaff298
0x000000abfaaff0e0:   00000293fdbbc800 00007fff112d7e10
0x000000abfaaff0f0:   00000293fdbbc800 00000293fdbbc800
0x000000abfaaff100:   00000293fdbbcb40 00007fff741f9da0
0x000000abfaaff110:   00000293fdbbc800 0000000000000000
0x000000abfaaff120:   0000029300000000 0000000000000000
0x000000abfaaff130:   fffffffffdf125a8 00007fff643734da
0x000000abfaaff140:   00000293fdbbc800 0000000000000000
0x000000abfaaff150:   00000293fdbbcb40 0000000000200021
0x000000abfaaff160:   000002938259c840 00007fff111b9473
0x000000abfaaff170:   000000abfaaff7b0 0000000000200021
0x000000abfaaff180:   0000000000200021 00000293e675be27
0x000000abfaaff190:   00000293fed65b78 00000293fdbbc800
0x000000abfaaff1a0:   00000293fdbbc800 00000293fed65b78
0x000000abfaaff1b0:   0000000000000000 00000293e6719840 

Instructions: (pc=0x00007fff11416295)
0x00007fff11416275:   cc cc cc cc cc cc cc cc cc cc cc 48 83 ec 28 48
0x00007fff11416285:   85 c9 75 07 33 c0 48 83 c4 28 c3 48 89 5c 24 20
0x00007fff11416295:   48 8b 19 48 85 db 74 20 48 83 fb 37 74 1a 48 8b
0x00007fff114162a5:   13 48 8b cb ff 52 10 84 c0 74 0d 48 8b c3 48 8b 


Stack slot to memory mapping:
stack at sp + 0 slots: 0x00000293fdbbc800 is a thread
stack at sp + 1 slots: 0x00007fff1121053d jvm.dll
stack at sp + 2 slots: 0x00000293fdbbc800 is a thread
stack at sp + 3 slots: 0x000000abfaaff298 is pointing into the stack for thread: 0x00000293fdbbc800
stack at sp + 4 slots: 0x00000293fdbbc800 is a thread
stack at sp + 5 slots: 0x00007fff112d7e10 jvm.dll
stack at sp + 6 slots: 0x00000293fdbbc800 is a thread
stack at sp + 7 slots: 0x00000293fdbbc800 is a thread


---------------  P R O C E S S  ---------------

Threads class SMR info:
_java_thread_list=0x000002938059c5e0, length=21, elements={
0x00000293fcea1800, 0x00000293fceab000, 0x00000293fd853800, 0x00000293fceb9000,
0x00000293fcebb000, 0x00000293fcec2800, 0x00000293fcec9800, 0x00000293fce34000,
0x00000293fdbbc800, 0x00000293fdac2000, 0x00000293fdae6800, 0x00000293fdf9e800,
0x00000293fdef3800, 0x00000293fe052800, 0x00000293fdfc7000, 0x00000293fe4f7000,
0x0000029380571000, 0x00000293fdfa4800, 0x00000293800b0000, 0x0000029380219800,
0x000002938021e000
}

Java Threads: ( => current thread )
  0x00000293fcea1800 JavaThread "Reference Handler" daemon [_thread_blocked, id=16564, stack(0x000000abfa200000,0x000000abfa300000)]
  0x00000293fceab000 JavaThread "Finalizer" daemon [_thread_blocked, id=9756, stack(0x000000abfa300000,0x000000abfa400000)]
  0x00000293fd853800 JavaThread "Signal Dispatcher" daemon [_thread_blocked, id=2236, stack(0x000000abfa400000,0x000000abfa500000)]
  0x00000293fceb9000 JavaThread "Attach Listener" daemon [_thread_blocked, id=10792, stack(0x000000abfa500000,0x000000abfa600000)]
  0x00000293fcebb000 JavaThread "C2 CompilerThread0" daemon [_thread_blocked, id=7144, stack(0x000000abfa600000,0x000000abfa700000)]
  0x00000293fcec2800 JavaThread "C1 CompilerThread0" daemon [_thread_blocked, id=976, stack(0x000000abfa700000,0x000000abfa800000)]
  0x00000293fcec9800 JavaThread "Sweeper thread" daemon [_thread_blocked, id=3692, stack(0x000000abfa800000,0x000000abfa900000)]
  0x00000293fce34000 JavaThread "Common-Cleaner" daemon [_thread_blocked, id=6548, stack(0x000000abfa900000,0x000000abfaa00000)]
=>0x00000293fdbbc800 JavaThread "*** Profiler Agent Communication Thread" daemon [_thread_in_vm, id=5464, stack(0x000000abfaa00000,0x000000abfab00000)]
  0x00000293fdac2000 JavaThread "*** JFluid Monitor thread ***" daemon [_thread_blocked, id=14844, stack(0x000000abfab00000,0x000000abfac00000)]
  0x00000293fdae6800 JavaThread "*** Profiler Agent Special Execution Thread 6" daemon [_thread_blocked, id=2472, stack(0x000000abfac00000,0x000000abfad00000)]
  0x00000293fdf9e800 JavaThread "*** Profiler Agent Special Execution Thread 10" daemon [_thread_blocked, id=3268, stack(0x000000abfae00000,0x000000abfaf00000)]
  0x00000293fdef3800 JavaThread "Service Thread" daemon [_thread_blocked, id=16480, stack(0x000000abfad00000,0x000000abfae00000)]
  0x00000293fe052800 JavaThread "Java2D Disposer" daemon [_thread_blocked, id=9720, stack(0x000000abfb100000,0x000000abfb200000)]
  0x00000293fdfc7000 JavaThread "AWT-Shutdown" [_thread_blocked, id=3188, stack(0x000000abfb200000,0x000000abfb300000)]
  0x00000293fe4f7000 JavaThread "AWT-Windows" daemon [_thread_blocked, id=18504, stack(0x000000abfb300000,0x000000abfb400000)]
  0x0000029380571000 JavaThread "Image Fetcher 0" daemon [_thread_blocked, id=18728, stack(0x000000abfb400000,0x000000abfb500000)]
  0x00000293fdfa4800 JavaThread "AWT-EventQueue-0" [_thread_blocked, id=7980, stack(0x000000abfb500000,0x000000abfb600000)]
  0x00000293800b0000 JavaThread "Image Fetcher 1" daemon [_thread_blocked, id=13264, stack(0x000000abfba00000,0x000000abfbb00000)]
  0x0000029380219800 JavaThread "mysql-cj-abandoned-connection-cleanup" daemon [_thread_blocked, id=4924, stack(0x000000abfbb00000,0x000000abfbc00000)]
  0x000002938021e000 JavaThread "DestroyJavaVM" [_thread_blocked, id=18396, stack(0x000000abf9b00000,0x000000abf9c00000)]

Other Threads:
  0x00000293fce79800 VMThread "VM Thread" [stack: 0x000000abfa100000,0x000000abfa200000] [id=6720]
  0x00000293fdfa2000 WatcherThread [stack: 0x000000abfaf00000,0x000000abfb000000] [id=15368]
  0x00000293de3cf800 GCTaskThread "GC Thread#0" [stack: 0x000000abf9c00000,0x000000abf9d00000] [id=18756]
  0x000002938022c800 GCTaskThread "GC Thread#1" [stack: 0x000000abfb600000,0x000000abfb700000] [id=15044]
  0x000002938022d800 GCTaskThread "GC Thread#2" [stack: 0x000000abfb700000,0x000000abfb800000] [id=12856]
  0x00000293fe454800 GCTaskThread "GC Thread#3" [stack: 0x000000abfb800000,0x000000abfb900000] [id=18644]
  0x00000293de3fe800 ConcurrentGCThread "G1 Main Marker" [stack: 0x000000abf9d00000,0x000000abf9e00000] [id=19252]
  0x00000293de400000 ConcurrentGCThread "G1 Conc#0" [stack: 0x000000abf9e00000,0x000000abf9f00000] [id=17264]
  0x00000293fccf0800 ConcurrentGCThread "G1 Refine#0" [stack: 0x000000abf9f00000,0x000000abfa000000] [id=16912]
  0x00000293800b5000 ConcurrentGCThread "G1 Refine#1" [stack: 0x000000abfb900000,0x000000abfba00000] [id=15136]
  0x00000293fccf1800 ConcurrentGCThread "G1 Young RemSet Sampling" [stack: 0x000000abfa000000,0x000000abfa100000] [id=15964]

Threads with active compile tasks:

VM state:synchronizing (normal execution)

VM Mutex/Monitor currently owned by a thread:  ([mutex/lock_event])
[0x00000293de3b1280] Threads_lock - owner thread: 0x00000293fce79800

Heap address: 0x0000000081e00000, size: 2018 MB, Compressed Oops mode: 32-bit
Narrow klass base: 0x0000000000000000, Narrow klass shift: 3
Compressed class space size: 1073741824 Address: 0x0000000100000000

Heap:
 garbage-first heap   total 131072K, used 16803K [0x0000000081e00000, 0x0000000100000000)
  region size 1024K, 9 young (9216K), 1 survivors (1024K)
 Metaspace       used 23673K, capacity 24244K, committed 24320K, reserved 1071104K
  class space    used 2533K, capacity 2790K, committed 2816K, reserved 1048576K
Heap Regions: E=young(eden), S=young(survivor), O=old, HS=humongous(starts), HC=humongous(continues), CS=collection set, F=free, A=archive, TAMS=top-at-mark-start (previous, next)
|   0|0x0000000081e00000, 0x0000000081f00000, 0x0000000081f00000|100%|HS|  |TAMS 0x0000000081f00000, 0x0000000081e00000| Complete 
|   1|0x0000000081f00000, 0x0000000082000000, 0x0000000082000000|100%|HC|  |TAMS 0x0000000082000000, 0x0000000081f00000| Complete 
|   2|0x0000000082000000, 0x0000000082100000, 0x0000000082100000|100%| O|  |TAMS 0x0000000082100000, 0x0000000082000000| Untracked 
|   3|0x0000000082100000, 0x0000000082200000, 0x0000000082200000|100%| O|  |TAMS 0x0000000082200000, 0x0000000082100000| Untracked 
|   4|0x0000000082200000, 0x0000000082300000, 0x0000000082300000|100%| O|  |TAMS 0x0000000082300000, 0x0000000082200000| Untracked 
|   5|0x0000000082300000, 0x00000000823b3200, 0x0000000082400000| 69%| O|  |TAMS 0x00000000823b3200, 0x0000000082300000| Untracked 
|   6|0x0000000082400000, 0x0000000082500000, 0x0000000082500000|100%|HS|  |TAMS 0x0000000082400000, 0x0000000082400000| Complete 
|   7|0x0000000082500000, 0x0000000082600000, 0x0000000082600000|100%|HC|  |TAMS 0x0000000082500000, 0x0000000082500000| Complete 
|   8|0x0000000082600000, 0x0000000082700000, 0x0000000082700000|100%|HC|  |TAMS 0x0000000082600000, 0x0000000082600000| Complete 
|   9|0x0000000082700000, 0x0000000082700000, 0x0000000082800000|  0%| F|  |TAMS 0x0000000082700000, 0x0000000082700000| Untracked 
|  10|0x0000000082800000, 0x0000000082800000, 0x0000000082900000|  0%| F|  |TAMS 0x0000000082800000, 0x0000000082800000| Untracked 
|  11|0x0000000082900000, 0x0000000082900000, 0x0000000082a00000|  0%| F|  |TAMS 0x0000000082900000, 0x0000000082900000| Untracked 
|  12|0x0000000082a00000, 0x0000000082a00000, 0x0000000082b00000|  0%| F|  |TAMS 0x0000000082a00000, 0x0000000082a00000| Untracked 
|  13|0x0000000082b00000, 0x0000000082b00000, 0x0000000082c00000|  0%| F|  |TAMS 0x0000000082b00000, 0x0000000082b00000| Untracked 
|  14|0x0000000082c00000, 0x0000000082c00000, 0x0000000082d00000|  0%| F|  |TAMS 0x0000000082c00000, 0x0000000082c00000| Untracked 
|  15|0x0000000082d00000, 0x0000000082d00000, 0x0000000082e00000|  0%| F|  |TAMS 0x0000000082d00000, 0x0000000082d00000| Untracked 
|  16|0x0000000082e00000, 0x0000000082e00000, 0x0000000082f00000|  0%| F|  |TAMS 0x0000000082e00000, 0x0000000082e00000| Untracked 
|  17|0x0000000082f00000, 0x0000000082f00000, 0x0000000083000000|  0%| F|  |TAMS 0x0000000082f00000, 0x0000000082f00000| Untracked 
|  18|0x0000000083000000, 0x0000000083000000, 0x0000000083100000|  0%| F|  |TAMS 0x0000000083000000, 0x0000000083000000| Untracked 
|  19|0x0000000083100000, 0x0000000083100000, 0x0000000083200000|  0%| F|  |TAMS 0x0000000083100000, 0x0000000083100000| Untracked 
|  20|0x0000000083200000, 0x0000000083200000, 0x0000000083300000|  0%| F|  |TAMS 0x0000000083200000, 0x0000000083200000| Untracked 
|  21|0x0000000083300000, 0x0000000083300000, 0x0000000083400000|  0%| F|  |TAMS 0x0000000083300000, 0x0000000083300000| Untracked 
|  22|0x0000000083400000, 0x0000000083400000, 0x0000000083500000|  0%| F|  |TAMS 0x0000000083400000, 0x0000000083400000| Untracked 
|  23|0x0000000083500000, 0x0000000083500000, 0x0000000083600000|  0%| F|  |TAMS 0x0000000083500000, 0x0000000083500000| Untracked 
|  24|0x0000000083600000, 0x0000000083600000, 0x0000000083700000|  0%| F|  |TAMS 0x0000000083600000, 0x0000000083600000| Untracked 
|  25|0x0000000083700000, 0x0000000083700000, 0x0000000083800000|  0%| F|  |TAMS 0x0000000083700000, 0x0000000083700000| Untracked 
|  26|0x0000000083800000, 0x0000000083800000, 0x0000000083900000|  0%| F|  |TAMS 0x0000000083800000, 0x0000000083800000| Untracked 
|  27|0x0000000083900000, 0x0000000083900000, 0x0000000083a00000|  0%| F|  |TAMS 0x0000000083900000, 0x0000000083900000| Untracked 
|  28|0x0000000083a00000, 0x0000000083a00000, 0x0000000083b00000|  0%| F|  |TAMS 0x0000000083a00000, 0x0000000083a00000| Untracked 
|  29|0x0000000083b00000, 0x0000000083b00000, 0x0000000083c00000|  0%| F|  |TAMS 0x0000000083b00000, 0x0000000083b00000| Untracked 
|  30|0x0000000083c00000, 0x0000000083c00000, 0x0000000083d00000|  0%| F|  |TAMS 0x0000000083c00000, 0x0000000083c00000| Untracked 
|  31|0x0000000083d00000, 0x0000000083d00000, 0x0000000083e00000|  0%| F|  |TAMS 0x0000000083d00000, 0x0000000083d00000| Untracked 
|  32|0x0000000083e00000, 0x0000000083e00000, 0x0000000083f00000|  0%| F|  |TAMS 0x0000000083e00000, 0x0000000083e00000| Untracked 
|  33|0x0000000083f00000, 0x0000000083f00000, 0x0000000084000000|  0%| F|  |TAMS 0x0000000083f00000, 0x0000000083f00000| Untracked 
|  34|0x0000000084000000, 0x0000000084000000, 0x0000000084100000|  0%| F|  |TAMS 0x0000000084000000, 0x0000000084000000| Untracked 
|  35|0x0000000084100000, 0x0000000084100000, 0x0000000084200000|  0%| F|  |TAMS 0x0000000084100000, 0x0000000084100000| Untracked 
|  36|0x0000000084200000, 0x0000000084200000, 0x0000000084300000|  0%| F|  |TAMS 0x0000000084200000, 0x0000000084200000| Untracked 
|  37|0x0000000084300000, 0x0000000084300000, 0x0000000084400000|  0%| F|  |TAMS 0x0000000084300000, 0x0000000084300000| Untracked 
|  38|0x0000000084400000, 0x0000000084400000, 0x0000000084500000|  0%| F|  |TAMS 0x0000000084400000, 0x0000000084400000| Untracked 
|  39|0x0000000084500000, 0x0000000084500000, 0x0000000084600000|  0%| F|  |TAMS 0x0000000084500000, 0x0000000084500000| Untracked 
|  40|0x0000000084600000, 0x0000000084600000, 0x0000000084700000|  0%| F|  |TAMS 0x0000000084600000, 0x0000000084600000| Untracked 
|  41|0x0000000084700000, 0x0000000084700000, 0x0000000084800000|  0%| F|  |TAMS 0x0000000084700000, 0x0000000084700000| Untracked 
|  42|0x0000000084800000, 0x0000000084800000, 0x0000000084900000|  0%| F|  |TAMS 0x0000000084800000, 0x0000000084800000| Untracked 
|  43|0x0000000084900000, 0x0000000084900000, 0x0000000084a00000|  0%| F|  |TAMS 0x0000000084900000, 0x0000000084900000| Untracked 
|  44|0x0000000084a00000, 0x0000000084a00000, 0x0000000084b00000|  0%| F|  |TAMS 0x0000000084a00000, 0x0000000084a00000| Untracked 
|  45|0x0000000084b00000, 0x0000000084b00000, 0x0000000084c00000|  0%| F|  |TAMS 0x0000000084b00000, 0x0000000084b00000| Untracked 
|  46|0x0000000084c00000, 0x0000000084c00000, 0x0000000084d00000|  0%| F|  |TAMS 0x0000000084c00000, 0x0000000084c00000| Untracked 
|  47|0x0000000084d00000, 0x0000000084d00000, 0x0000000084e00000|  0%| F|  |TAMS 0x0000000084d00000, 0x0000000084d00000| Untracked 
|  48|0x0000000084e00000, 0x0000000084e00000, 0x0000000084f00000|  0%| F|  |TAMS 0x0000000084e00000, 0x0000000084e00000| Untracked 
|  49|0x0000000084f00000, 0x0000000084f00000, 0x0000000085000000|  0%| F|  |TAMS 0x0000000084f00000, 0x0000000084f00000| Untracked 
|  50|0x0000000085000000, 0x0000000085000000, 0x0000000085100000|  0%| F|  |TAMS 0x0000000085000000, 0x0000000085000000| Untracked 
|  51|0x0000000085100000, 0x0000000085100000, 0x0000000085200000|  0%| F|  |TAMS 0x0000000085100000, 0x0000000085100000| Untracked 
|  52|0x0000000085200000, 0x0000000085200000, 0x0000000085300000|  0%| F|  |TAMS 0x0000000085200000, 0x0000000085200000| Untracked 
|  53|0x0000000085300000, 0x0000000085300000, 0x0000000085400000|  0%| F|  |TAMS 0x0000000085300000, 0x0000000085300000| Untracked 
|  54|0x0000000085400000, 0x0000000085400000, 0x0000000085500000|  0%| F|  |TAMS 0x0000000085400000, 0x0000000085400000| Untracked 
|  55|0x0000000085500000, 0x0000000085500000, 0x0000000085600000|  0%| F|  |TAMS 0x0000000085500000, 0x0000000085500000| Untracked 
|  56|0x0000000085600000, 0x0000000085600000, 0x0000000085700000|  0%| F|  |TAMS 0x0000000085600000, 0x0000000085600000| Untracked 
|  57|0x0000000085700000, 0x0000000085700000, 0x0000000085800000|  0%| F|  |TAMS 0x0000000085700000, 0x0000000085700000| Untracked 
|  58|0x0000000085800000, 0x0000000085800000, 0x0000000085900000|  0%| F|  |TAMS 0x0000000085800000, 0x0000000085800000| Untracked 
|  59|0x0000000085900000, 0x0000000085900000, 0x0000000085a00000|  0%| F|  |TAMS 0x0000000085900000, 0x0000000085900000| Untracked 
|  60|0x0000000085a00000, 0x0000000085a00000, 0x0000000085b00000|  0%| F|  |TAMS 0x0000000085a00000, 0x0000000085a00000| Untracked 
|  61|0x0000000085b00000, 0x0000000085b00000, 0x0000000085c00000|  0%| F|  |TAMS 0x0000000085b00000, 0x0000000085b00000| Untracked 
|  62|0x0000000085c00000, 0x0000000085c00000, 0x0000000085d00000|  0%| F|  |TAMS 0x0000000085c00000, 0x0000000085c00000| Untracked 
|  63|0x0000000085d00000, 0x0000000085d00000, 0x0000000085e00000|  0%| F|  |TAMS 0x0000000085d00000, 0x0000000085d00000| Untracked 
|  64|0x0000000085e00000, 0x0000000085e00000, 0x0000000085f00000|  0%| F|  |TAMS 0x0000000085e00000, 0x0000000085e00000| Untracked 
|  65|0x0000000085f00000, 0x0000000085f00000, 0x0000000086000000|  0%| F|  |TAMS 0x0000000085f00000, 0x0000000085f00000| Untracked 
|  66|0x0000000086000000, 0x0000000086000000, 0x0000000086100000|  0%| F|  |TAMS 0x0000000086000000, 0x0000000086000000| Untracked 
|  67|0x0000000086100000, 0x0000000086100000, 0x0000000086200000|  0%| F|  |TAMS 0x0000000086100000, 0x0000000086100000| Untracked 
|  68|0x0000000086200000, 0x0000000086200000, 0x0000000086300000|  0%| F|  |TAMS 0x0000000086200000, 0x0000000086200000| Untracked 
|  69|0x0000000086300000, 0x0000000086300000, 0x0000000086400000|  0%| F|  |TAMS 0x0000000086300000, 0x0000000086300000| Untracked 
|  70|0x0000000086400000, 0x0000000086400000, 0x0000000086500000|  0%| F|  |TAMS 0x0000000086400000, 0x0000000086400000| Untracked 
|  71|0x0000000086500000, 0x0000000086500000, 0x0000000086600000|  0%| F|  |TAMS 0x0000000086500000, 0x0000000086500000| Untracked 
|  72|0x0000000086600000, 0x0000000086600000, 0x0000000086700000|  0%| F|  |TAMS 0x0000000086600000, 0x0000000086600000| Untracked 
|  73|0x0000000086700000, 0x0000000086700000, 0x0000000086800000|  0%| F|  |TAMS 0x0000000086700000, 0x0000000086700000| Untracked 
|  74|0x0000000086800000, 0x0000000086800000, 0x0000000086900000|  0%| F|  |TAMS 0x0000000086800000, 0x0000000086800000| Untracked 
|  75|0x0000000086900000, 0x0000000086900000, 0x0000000086a00000|  0%| F|  |TAMS 0x0000000086900000, 0x0000000086900000| Untracked 
|  76|0x0000000086a00000, 0x0000000086a00000, 0x0000000086b00000|  0%| F|  |TAMS 0x0000000086a00000, 0x0000000086a00000| Untracked 
|  77|0x0000000086b00000, 0x0000000086b00000, 0x0000000086c00000|  0%| F|  |TAMS 0x0000000086b00000, 0x0000000086b00000| Untracked 
|  78|0x0000000086c00000, 0x0000000086c00000, 0x0000000086d00000|  0%| F|  |TAMS 0x0000000086c00000, 0x0000000086c00000| Untracked 
|  79|0x0000000086d00000, 0x0000000086d00000, 0x0000000086e00000|  0%| F|  |TAMS 0x0000000086d00000, 0x0000000086d00000| Untracked 
|  80|0x0000000086e00000, 0x0000000086e00000, 0x0000000086f00000|  0%| F|  |TAMS 0x0000000086e00000, 0x0000000086e00000| Untracked 
|  81|0x0000000086f00000, 0x0000000086f00000, 0x0000000087000000|  0%| F|  |TAMS 0x0000000086f00000, 0x0000000086f00000| Untracked 
|  82|0x0000000087000000, 0x0000000087000000, 0x0000000087100000|  0%| F|  |TAMS 0x0000000087000000, 0x0000000087000000| Untracked 
|  83|0x0000000087100000, 0x0000000087100000, 0x0000000087200000|  0%| F|  |TAMS 0x0000000087100000, 0x0000000087100000| Untracked 
|  84|0x0000000087200000, 0x0000000087200000, 0x0000000087300000|  0%| F|  |TAMS 0x0000000087200000, 0x0000000087200000| Untracked 
|  85|0x0000000087300000, 0x0000000087300000, 0x0000000087400000|  0%| F|  |TAMS 0x0000000087300000, 0x0000000087300000| Untracked 
|  86|0x0000000087400000, 0x0000000087400000, 0x0000000087500000|  0%| F|  |TAMS 0x0000000087400000, 0x0000000087400000| Untracked 
|  87|0x0000000087500000, 0x0000000087500000, 0x0000000087600000|  0%| F|  |TAMS 0x0000000087500000, 0x0000000087500000| Untracked 
|  88|0x0000000087600000, 0x0000000087600000, 0x0000000087700000|  0%| F|  |TAMS 0x0000000087600000, 0x0000000087600000| Untracked 
|  89|0x0000000087700000, 0x0000000087700000, 0x0000000087800000|  0%| F|  |TAMS 0x0000000087700000, 0x0000000087700000| Untracked 
|  90|0x0000000087800000, 0x0000000087800000, 0x0000000087900000|  0%| F|  |TAMS 0x0000000087800000, 0x0000000087800000| Untracked 
|  91|0x0000000087900000, 0x0000000087900000, 0x0000000087a00000|  0%| F|  |TAMS 0x0000000087900000, 0x0000000087900000| Untracked 
|  92|0x0000000087a00000, 0x0000000087a00000, 0x0000000087b00000|  0%| F|  |TAMS 0x0000000087a00000, 0x0000000087a00000| Untracked 
|  93|0x0000000087b00000, 0x0000000087b00000, 0x0000000087c00000|  0%| F|  |TAMS 0x0000000087b00000, 0x0000000087b00000| Untracked 
|  94|0x0000000087c00000, 0x0000000087c00000, 0x0000000087d00000|  0%| F|  |TAMS 0x0000000087c00000, 0x0000000087c00000| Untracked 
|  95|0x0000000087d00000, 0x0000000087d00000, 0x0000000087e00000|  0%| F|  |TAMS 0x0000000087d00000, 0x0000000087d00000| Untracked 
|  96|0x0000000087e00000, 0x0000000087e00000, 0x0000000087f00000|  0%| F|  |TAMS 0x0000000087e00000, 0x0000000087e00000| Untracked 
|  97|0x0000000087f00000, 0x0000000087f00000, 0x0000000088000000|  0%| F|  |TAMS 0x0000000087f00000, 0x0000000087f00000| Untracked 
|  98|0x0000000088000000, 0x0000000088000000, 0x0000000088100000|  0%| F|  |TAMS 0x0000000088000000, 0x0000000088000000| Untracked 
|  99|0x0000000088100000, 0x0000000088100000, 0x0000000088200000|  0%| F|  |TAMS 0x0000000088100000, 0x0000000088100000| Untracked 
| 100|0x0000000088200000, 0x0000000088200000, 0x0000000088300000|  0%| F|  |TAMS 0x0000000088200000, 0x0000000088200000| Untracked 
| 101|0x0000000088300000, 0x0000000088300000, 0x0000000088400000|  0%| F|  |TAMS 0x0000000088300000, 0x0000000088300000| Untracked 
| 102|0x0000000088400000, 0x0000000088400000, 0x0000000088500000|  0%| F|  |TAMS 0x0000000088400000, 0x0000000088400000| Untracked 
| 103|0x0000000088500000, 0x0000000088500000, 0x0000000088600000|  0%| F|  |TAMS 0x0000000088500000, 0x0000000088500000| Untracked 
| 104|0x0000000088600000, 0x0000000088600000, 0x0000000088700000|  0%| F|  |TAMS 0x0000000088600000, 0x0000000088600000| Untracked 
| 105|0x0000000088700000, 0x0000000088700000, 0x0000000088800000|  0%| F|  |TAMS 0x0000000088700000, 0x0000000088700000| Untracked 
| 106|0x0000000088800000, 0x0000000088800000, 0x0000000088900000|  0%| F|  |TAMS 0x0000000088800000, 0x0000000088800000| Untracked 
| 107|0x0000000088900000, 0x0000000088900000, 0x0000000088a00000|  0%| F|  |TAMS 0x0000000088900000, 0x0000000088900000| Untracked 
| 108|0x0000000088a00000, 0x0000000088a00000, 0x0000000088b00000|  0%| F|  |TAMS 0x0000000088a00000, 0x0000000088a00000| Untracked 
| 109|0x0000000088b00000, 0x0000000088b00000, 0x0000000088c00000|  0%| F|  |TAMS 0x0000000088b00000, 0x0000000088b00000| Untracked 
| 110|0x0000000088c00000, 0x0000000088c00000, 0x0000000088d00000|  0%| F|  |TAMS 0x0000000088c00000, 0x0000000088c00000| Untracked 
| 111|0x0000000088d00000, 0x0000000088d00000, 0x0000000088e00000|  0%| F|  |TAMS 0x0000000088d00000, 0x0000000088d00000| Untracked 
| 112|0x0000000088e00000, 0x0000000088e00000, 0x0000000088f00000|  0%| F|  |TAMS 0x0000000088e00000, 0x0000000088e00000| Untracked 
| 113|0x0000000088f00000, 0x0000000088f00000, 0x0000000089000000|  0%| F|  |TAMS 0x0000000088f00000, 0x0000000088f00000| Untracked 
| 114|0x0000000089000000, 0x0000000089000000, 0x0000000089100000|  0%| F|  |TAMS 0x0000000089000000, 0x0000000089000000| Untracked 
| 115|0x0000000089100000, 0x0000000089100000, 0x0000000089200000|  0%| F|  |TAMS 0x0000000089100000, 0x0000000089100000| Untracked 
| 116|0x0000000089200000, 0x0000000089200000, 0x0000000089300000|  0%| F|  |TAMS 0x0000000089200000, 0x0000000089200000| Untracked 
| 117|0x0000000089300000, 0x0000000089300000, 0x0000000089400000|  0%| F|  |TAMS 0x0000000089300000, 0x0000000089300000| Untracked 
| 118|0x0000000089400000, 0x0000000089400000, 0x0000000089500000|  0%| F|  |TAMS 0x0000000089400000, 0x0000000089400000| Untracked 
| 119|0x0000000089500000, 0x00000000895f89c8, 0x0000000089600000| 97%| E|  |TAMS 0x0000000089500000, 0x0000000089500000| Complete 
| 120|0x0000000089600000, 0x0000000089700000, 0x0000000089700000|100%| E|CS|TAMS 0x0000000089600000, 0x0000000089600000| Complete 
| 121|0x0000000089700000, 0x0000000089800000, 0x0000000089800000|100%| E|CS|TAMS 0x0000000089700000, 0x0000000089700000| Complete 
| 122|0x0000000089800000, 0x0000000089900000, 0x0000000089900000|100%| E|CS|TAMS 0x0000000089800000, 0x0000000089800000| Complete 
| 123|0x0000000089900000, 0x0000000089a00000, 0x0000000089a00000|100%| E|CS|TAMS 0x0000000089900000, 0x0000000089900000| Complete 
| 124|0x0000000089a00000, 0x0000000089ab5cb0, 0x0000000089b00000| 71%| S|CS|TAMS 0x0000000089a00000, 0x0000000089a00000| Complete 
| 125|0x0000000089b00000, 0x0000000089c00000, 0x0000000089c00000|100%| E|CS|TAMS 0x0000000089b00000, 0x0000000089b00000| Complete 
| 126|0x0000000089c00000, 0x0000000089d00000, 0x0000000089d00000|100%| E|CS|TAMS 0x0000000089c00000, 0x0000000089c00000| Complete 
| 127|0x0000000089d00000, 0x0000000089e00000, 0x0000000089e00000|100%| E|CS|TAMS 0x0000000089d00000, 0x0000000089d00000| Complete 

Card table byte_map: [0x00000293f6130000,0x00000293f6530000] _byte_map_base: 0x00000293f5d21000

Marking Bits (Prev, Next): (CMBitMap*) 0x00000293de3f5fc0, (CMBitMap*) 0x00000293de3f5f88
 Prev Bits: [0x00000293f88c0000, 0x00000293fa848000)
 Next Bits: [0x00000293f6930000, 0x00000293f88b8000)

Polling page: 0x00000293de490000

Metaspace:

Usage:
  Non-class:     20.95 MB capacity,    20.64 MB ( 99%) used,   251.23 KB (  1%) free+waste,    62.31 KB ( <1%) overhead. 
      Class:      2.72 MB capacity,     2.47 MB ( 91%) used,   225.22 KB (  8%) free+waste,    31.69 KB (  1%) overhead. 
       Both:     23.68 MB capacity,    23.12 MB ( 98%) used,   476.45 KB (  2%) free+waste,    94.00 KB ( <1%) overhead. 

Virtual space:
  Non-class space:       22.00 MB reserved,      21.00 MB ( 95%) committed 
      Class space:        1.00 GB reserved,       2.75 MB ( <1%) committed 
             Both:        1.02 GB reserved,      23.75 MB (  2%) committed 

Chunk freelists:
   Non-Class:  6.25 KB
       Class:  3.25 KB
        Both:  9.50 KB

CodeHeap 'non-profiled nmethods': size=120064Kb used=557Kb max_used=557Kb free=119506Kb
 bounds [0x00000293ee1d0000, 0x00000293ee440000, 0x00000293f5710000]
CodeHeap 'profiled nmethods': size=120000Kb used=3024Kb max_used=3024Kb free=116976Kb
 bounds [0x00000293e6ca0000, 0x00000293e6fa0000, 0x00000293ee1d0000]
CodeHeap 'non-nmethods': size=5696Kb used=1266Kb max_used=1277Kb free=4430Kb
 bounds [0x00000293e6710000, 0x00000293e6980000, 0x00000293e6ca0000]
 total_blobs=2543 nmethods=1601 adapters=574
 compilation: enabled
              stopped_count=0, restarted_count=0
 full_count=0

Compilation events (10 events):
Event: 2.316 Thread 0x00000293fcec2800 nmethod 1592 0x00000293ee25ab10 code [0x00000293ee25acc0, 0x00000293ee25add8]
Event: 2.317 Thread 0x00000293fcec2800 1595       3       javax.swing.JComponent::getFlag (20 bytes)
Event: 2.318 Thread 0x00000293fcec2800 nmethod 1595 0x00000293e6f92710 code [0x00000293e6f928c0, 0x00000293e6f92a98]
Event: 2.327 Thread 0x00000293fcec2800 1597       3       java.awt.Component::isShowing (38 bytes)
Event: 2.327 Thread 0x00000293fcec2800 nmethod 1597 0x00000293e6f92b10 code [0x00000293e6f92ce0, 0x00000293e6f93030]
Event: 2.327 Thread 0x00000293fcec2800 1598       1       java.awt.Component::isEnabledImpl (5 bytes)
Event: 2.327 Thread 0x00000293fcec2800 nmethod 1598 0x00000293ee25ae90 code [0x00000293ee25b040, 0x00000293ee25b158]
Event: 2.329 Thread 0x00000293fcec2800 1599       3       java.io.Bits::getInt (43 bytes)
Event: 2.329 Thread 0x00000293fcec2800 nmethod 1599 0x00000293e6f93110 code [0x00000293e6f932c0, 0x00000293e6f934b8]
Event: 2.329 Thread 0x00000293fcec2800 1601       3       java.io.ObjectInputStream$BlockDataInputStream::readInt (73 bytes)

GC Heap History (6 events):
Event: 1.821 GC heap before
{Heap before GC invocations=0 (full 0):
 garbage-first heap   total 131072K, used 16384K [0x0000000081e00000, 0x0000000100000000)
  region size 1024K, 14 young (14336K), 0 survivors (0K)
 Metaspace       used 18442K, capacity 18913K, committed 19072K, reserved 1067008K
  class space    used 1935K, capacity 2163K, committed 2176K, reserved 1048576K
}
Event: 1.830 GC heap after
{Heap after GC invocations=1 (full 0):
 garbage-first heap   total 131072K, used 5735K [0x0000000081e00000, 0x0000000100000000)
  region size 1024K, 2 young (2048K), 2 survivors (2048K)
 Metaspace       used 18442K, capacity 18913K, committed 19072K, reserved 1067008K
  class space    used 1935K, capacity 2163K, committed 2176K, reserved 1048576K
}
Event: 1.895 GC heap before
{Heap before GC invocations=1 (full 0):
 garbage-first heap   total 131072K, used 9831K [0x0000000081e00000, 0x0000000100000000)
  region size 1024K, 6 young (6144K), 2 survivors (2048K)
 Metaspace       used 19645K, capacity 20222K, committed 20352K, reserved 1067008K
  class space    used 2116K, capacity 2368K, committed 2432K, reserved 1048576K
}
Event: 1.899 GC heap after
{Heap after GC invocations=2 (full 0):
 garbage-first heap   total 131072K, used 6207K [0x0000000081e00000, 0x0000000100000000)
  region size 1024K, 1 young (1024K), 1 survivors (1024K)
 Metaspace       used 19645K, capacity 20222K, committed 20352K, reserved 1067008K
  class space    used 2116K, capacity 2368K, committed 2432K, reserved 1048576K
}
Event: 1.988 GC heap before
{Heap before GC invocations=2 (full 0):
 garbage-first heap   total 131072K, used 8255K [0x0000000081e00000, 0x0000000100000000)
  region size 1024K, 4 young (4096K), 1 survivors (1024K)
 Metaspace       used 20538K, capacity 21108K, committed 21248K, reserved 1069056K
  class space    used 2185K, capacity 2472K, committed 2560K, reserved 1048576K
}
Event: 1.989 GC heap after
{Heap after GC invocations=3 (full 0):
 garbage-first heap   total 131072K, used 6563K [0x0000000081e00000, 0x0000000100000000)
  region size 1024K, 1 young (1024K), 1 survivors (1024K)
 Metaspace       used 20538K, capacity 21108K, committed 21248K, reserved 1069056K
  class space    used 2185K, capacity 2472K, committed 2560K, reserved 1048576K
}

Deoptimization events (10 events):
Event: 1.754 Thread 0x0000029380571000 Uncommon trap: reason=unstable_if action=reinterpret pc=0x00000293ee21a59c method=java.lang.StringLatin1.canEncode(I)Z @ 4 c2
Event: 1.786 Thread 0x00000293fe4f7000 Uncommon trap: reason=bimorphic_or_optimized_type_check action=maybe_recompile pc=0x00000293ee231fec method=java.util.HashMap.putVal(ILjava/lang/Object;Ljava/lang/Object;ZZ)Ljava/lang/Object; @ 203 c2
Event: 1.786 Thread 0x00000293fe4f7000 Uncommon trap: reason=bimorphic_or_optimized_type_check action=maybe_recompile pc=0x00000293ee231fbc method=java.util.HashMap.putVal(ILjava/lang/Object;Ljava/lang/Object;ZZ)Ljava/lang/Object; @ 91 c2
Event: 1.786 Thread 0x00000293fe4f7000 Uncommon trap: reason=bimorphic_or_optimized_type_check action=maybe_recompile pc=0x00000293ee231fec method=java.util.HashMap.putVal(ILjava/lang/Object;Ljava/lang/Object;ZZ)Ljava/lang/Object; @ 203 c2
Event: 1.786 Thread 0x00000293fe4f7000 Uncommon trap: reason=bimorphic_or_optimized_type_check action=maybe_recompile pc=0x00000293ee231fec method=java.util.HashMap.putVal(ILjava/lang/Object;Ljava/lang/Object;ZZ)Ljava/lang/Object; @ 203 c2
Event: 1.833 Thread 0x00000293de3b6000 Uncommon trap: reason=unstable_if action=reinterpret pc=0x00000293ee22c2d8 method=java.lang.ref.ReferenceQueue.poll()Ljava/lang/ref/Reference; @ 4 c2
Event: 1.833 Thread 0x00000293de3b6000 Uncommon trap: reason=unstable_if action=reinterpret pc=0x00000293ee22d2f8 method=java.lang.ref.ReferenceQueue.poll()Ljava/lang/ref/Reference; @ 4 c2
Event: 1.834 Thread 0x00000293de3b6000 Uncommon trap: reason=unstable_if action=reinterpret pc=0x00000293ee1ea0b0 method=java.lang.StringUTF16.compress([CI[BII)I @ 20 c2
Event: 2.054 Thread 0x00000293de3b6000 Uncommon trap: reason=unstable_if action=reinterpret pc=0x00000293ee203080 method=java.lang.StringLatin1.compareToCI([B[B)I @ 68 c2
Event: 2.250 Thread 0x00000293de3b6000 Uncommon trap: reason=unstable_if action=reinterpret pc=0x00000293ee24d550 method=java.lang.ref.SoftReference.get()Ljava/lang/Object; @ 6 c2

Classes redefined (0 events):
No events

Internal exceptions (10 events):
Event: 1.604 Thread 0x00000293de3b6000 Exception <a 'java/lang/NoSuchMethodError'{0x000000008930b338}: java.lang.invoke.DirectMethodHandle$Holder.invokeStatic(Ljava/lang/Object;Ljava/lang/Object;Ljava/lang/Object;Ljava/lang/Object;Ljava/lang/Object;Ljava/lang/Object;Ljava/lang/Object;Ljava/lan
Event: 1.660 Thread 0x00000293de3b6000 Exception <a 'java/lang/NoSuchMethodError'{0x00000000893f9fc0}: java.lang.invoke.DirectMethodHandle$Holder.invokeStatic(Ljava/lang/Object;ILjava/lang/Object;Ljava/lang/Object;Ljava/lang/Object;Ljava/lang/Object;)Ljava/lang/Object;> (0x00000000893f9fc0) th
Event: 1.661 Thread 0x00000293de3b6000 Exception <a 'java/lang/NoSuchMethodError'{0x0000000089201550}: java.lang.invoke.DirectMethodHandle$Holder.invokeStatic(Ljava/lang/Object;ILjava/lang/Object;Ljava/lang/Object;Ljava/lang/Object;)Ljava/lang/Object;> (0x0000000089201550) thrown at [t:/worksp
Event: 1.661 Thread 0x00000293de3b6000 Exception <a 'java/lang/NoSuchMethodError'{0x0000000089205090}: java.lang.invoke.DirectMethodHandle$Holder.invokeSpecial(Ljava/lang/Object;Ljava/lang/Object;ILjava/lang/Object;Ljava/lang/Object;Ljava/lang/Object;)Ljava/lang/Object;> (0x0000000089205090) t
Event: 1.688 Thread 0x00000293de3b6000 Exception <a 'java/lang/ClassNotFoundException'{0x00000000892d01c0}: com/sun/swing/internal/plaf/metal/resources/spi/metalProvider> (0x00000000892d01c0) thrown at [t:/workspace/open/src/hotspot/share/classfile/systemDictionary.cpp, line 231]
Event: 1.689 Thread 0x00000293de3b6000 Exception <a 'java/lang/ClassNotFoundException'{0x00000000892d4bb8}: com/sun/swing/internal/plaf/basic/resources/spi/basicProvider> (0x00000000892d4bb8) thrown at [t:/workspace/open/src/hotspot/share/classfile/systemDictionary.cpp, line 231]
Event: 1.695 Thread 0x00000293de3b6000 Implicit null exception at 0x00000293ee20111e to 0x00000293ee201d3a
Event: 1.727 Thread 0x0000029380571000 Implicit null exception at 0x00000293ee21d7f4 to 0x00000293ee21dcd6
Event: 1.807 Thread 0x00000293de3b6000 Exception <a 'java/lang/NoSuchMethodError'{0x0000000089147ab8}: java.lang.invoke.DirectMethodHandle$Holder.invokeStaticInit(Ljava/lang/Object;)V> (0x0000000089147ab8) thrown at [t:/workspace/open/src/hotspot/share/interpreter/linkResolver.cpp, line 772]
Event: 1.855 Thread 0x00000293de3b6000 Exception <a 'java/lang/NoSuchMethodError'{0x0000000089cd8e98}: java.lang.invoke.Invokers$Holder.linkToTargetMethod(Ljava/lang/Object;ILjava/lang/Object;)Ljava/lang/Object;> (0x0000000089cd8e98) thrown at [t:/workspace/open/src/hotspot/share/interpreter/l

Events (10 events):
Event: 2.316 Executing VM operation: RevokeBias
Event: 2.316 Executing VM operation: RevokeBias done
Event: 2.317 loading class org/netbeans/lib/profiler/wireprotocol/DumpResultsResponse
Event: 2.317 loading class org/netbeans/lib/profiler/wireprotocol/DumpResultsResponse done
Event: 2.317 Executing VM operation: GetAllStackTraces
Event: 2.318 Executing VM operation: GetAllStackTraces done
Event: 2.318 Executing VM operation: RevokeBias
Event: 2.318 Executing VM operation: RevokeBias done
Event: 2.329 loading class org/netbeans/lib/profiler/wireprotocol/GetMethodNamesForJMethodIdsCommand
Event: 2.329 loading class org/netbeans/lib/profiler/wireprotocol/GetMethodNamesForJMethodIdsCommand done


Dynamic libraries:
0x00007ff6c91f0000 - 0x00007ff6c9235000 	C:\Program Files\Java\jdk-11.0.2\bin\java.exe
0x00007fff75560000 - 0x00007fff75750000 	C:\WINDOWS\SYSTEM32\ntdll.dll
0x00007fff738b0000 - 0x00007fff73962000 	C:\WINDOWS\System32\KERNEL32.DLL
0x00007fff72550000 - 0x00007fff727f5000 	C:\WINDOWS\System32\KERNELBASE.dll
0x00007fff73ab0000 - 0x00007fff73c44000 	C:\WINDOWS\System32\USER32.dll
0x00007fff72bd0000 - 0x00007fff72bf1000 	C:\WINDOWS\System32\win32u.dll
0x00007fff74d50000 - 0x00007fff74d76000 	C:\WINDOWS\System32\GDI32.dll
0x00007fff72a30000 - 0x00007fff72bc8000 	C:\WINDOWS\System32\gdi32full.dll
0x00007fff72820000 - 0x00007fff728be000 	C:\WINDOWS\System32\msvcp_win.dll
0x00007fff73380000 - 0x00007fff7347a000 	C:\WINDOWS\System32\ucrtbase.dll
0x00007fff594a0000 - 0x00007fff59724000 	C:\WINDOWS\WinSxS\amd64_microsoft.windows.common-controls_6595b64144ccf1df_6.0.18362.1440_none_9e7dbfb9e45e8e67\COMCTL32.dll
0x00007fff741e0000 - 0x00007fff7427e000 	C:\WINDOWS\System32\msvcrt.dll
0x00007fff745d0000 - 0x00007fff74906000 	C:\WINDOWS\System32\combase.dll
0x00007fff73c50000 - 0x00007fff73d6f000 	C:\WINDOWS\System32\RPCRT4.dll
0x00007fff728c0000 - 0x00007fff72941000 	C:\WINDOWS\System32\bcryptPrimitives.dll
0x00007fff74cc0000 - 0x00007fff74cee000 	C:\WINDOWS\System32\IMM32.DLL
0x00007fff6ae20000 - 0x00007fff6ae36000 	C:\Program Files\Java\jdk-11.0.2\bin\vcruntime140.dll
0x00007fff44d80000 - 0x00007fff44e2a000 	C:\Program Files\Java\jdk-11.0.2\bin\msvcp140.dll
0x00007fff10e30000 - 0x00007fff11953000 	C:\Program Files\Java\jdk-11.0.2\bin\server\jvm.dll
0x00007fff73700000 - 0x00007fff737a3000 	C:\WINDOWS\System32\ADVAPI32.dll
0x00007fff74d90000 - 0x00007fff74e27000 	C:\WINDOWS\System32\sechost.dll
0x00007fff74440000 - 0x00007fff74448000 	C:\WINDOWS\System32\PSAPI.DLL
0x00007fff4ee70000 - 0x00007fff4ee79000 	C:\WINDOWS\SYSTEM32\WSOCK32.dll
0x00007fff700c0000 - 0x00007fff700e4000 	C:\WINDOWS\SYSTEM32\WINMM.dll
0x00007fff640e0000 - 0x00007fff640ea000 	C:\WINDOWS\SYSTEM32\VERSION.dll
0x00007fff73840000 - 0x00007fff738af000 	C:\WINDOWS\System32\WS2_32.dll
0x00007fff70090000 - 0x00007fff700bd000 	C:\WINDOWS\SYSTEM32\winmmbase.dll
0x00007fff735e0000 - 0x00007fff7362a000 	C:\WINDOWS\System32\cfgmgr32.dll
0x00007fff724a0000 - 0x00007fff724b1000 	C:\WINDOWS\System32\kernel.appcore.dll
0x00007fff655b0000 - 0x00007fff655c1000 	C:\Program Files\Java\jdk-11.0.2\bin\verify.dll
0x00007fff640f0000 - 0x00007fff642e4000 	C:\WINDOWS\SYSTEM32\DBGHELP.DLL
0x00007fff640b0000 - 0x00007fff640da000 	C:\WINDOWS\SYSTEM32\dbgcore.DLL
0x00007fff5eaf0000 - 0x00007fff5eb18000 	C:\Program Files\Java\jdk-11.0.2\bin\java.dll
0x00007fff64370000 - 0x00007fff6437f000 	C:\Program Files\NetBeans-12.0\netbeans\profiler\lib\deployed\jdk16\windows-amd64\profilerinterface.dll
0x00007fff64760000 - 0x00007fff64776000 	C:\Program Files\Java\jdk-11.0.2\bin\zip.dll
0x00007fff6af30000 - 0x00007fff6af3a000 	C:\Program Files\Java\jdk-11.0.2\bin\jimage.dll
0x00007fff74e30000 - 0x00007fff75518000 	C:\WINDOWS\System32\SHELL32.dll
0x00007fff74500000 - 0x00007fff745a7000 	C:\WINDOWS\System32\shcore.dll
0x00007fff72c00000 - 0x00007fff7337b000 	C:\WINDOWS\System32\windows.storage.dll
0x00007fff72530000 - 0x00007fff7254e000 	C:\WINDOWS\System32\profapi.dll
0x00007fff724e0000 - 0x00007fff7252a000 	C:\WINDOWS\System32\powrprof.dll
0x00007fff72490000 - 0x00007fff724a0000 	C:\WINDOWS\System32\UMPDC.dll
0x00007fff743e0000 - 0x00007fff74432000 	C:\WINDOWS\System32\shlwapi.dll
0x00007fff72800000 - 0x00007fff72817000 	C:\WINDOWS\System32\cryptsp.dll
0x00007fff63060000 - 0x00007fff63079000 	C:\Program Files\Java\jdk-11.0.2\bin\net.dll
0x00007fff65d00000 - 0x00007fff65dfa000 	C:\WINDOWS\SYSTEM32\WINHTTP.dll
0x00007fff66320000 - 0x00007fff664f7000 	C:\WINDOWS\SYSTEM32\urlmon.dll
0x00007fff66070000 - 0x00007fff66317000 	C:\WINDOWS\SYSTEM32\iertutil.dll
0x00007fff71ea0000 - 0x00007fff71eac000 	C:\WINDOWS\SYSTEM32\CRYPTBASE.DLL
0x00007fff71cd0000 - 0x00007fff71d37000 	C:\WINDOWS\system32\mswsock.dll
0x00007fff5afc0000 - 0x00007fff5afd3000 	C:\Program Files\Java\jdk-11.0.2\bin\nio.dll
0x00007fff5ec80000 - 0x00007fff5ec89000 	C:\Program Files\Java\jdk-11.0.2\bin\management.dll
0x00007fff5c790000 - 0x00007fff5c79c000 	C:\Program Files\Java\jdk-11.0.2\bin\management_ext.dll
0x00007fff717f0000 - 0x00007fff71823000 	C:\WINDOWS\system32\rsaenh.dll
0x00007fff72950000 - 0x00007fff72976000 	C:\WINDOWS\System32\bcrypt.dll
0x00007fff723b0000 - 0x00007fff723d5000 	C:\WINDOWS\SYSTEM32\USERENV.dll
0x00007fff719e0000 - 0x00007fff71a1a000 	C:\WINDOWS\SYSTEM32\IPHLPAPI.DLL
0x00007fff737b0000 - 0x00007fff737b8000 	C:\WINDOWS\System32\NSI.dll
0x00007fff67da0000 - 0x00007fff67db6000 	C:\WINDOWS\SYSTEM32\dhcpcsvc6.DLL
0x00007fff685c0000 - 0x00007fff685dc000 	C:\WINDOWS\SYSTEM32\dhcpcsvc.DLL
0x00007fff71a20000 - 0x00007fff71aeb000 	C:\WINDOWS\SYSTEM32\DNSAPI.dll
0x00007fff2e020000 - 0x00007fff2e1be000 	C:\Program Files\Java\jdk-11.0.2\bin\awt.dll
0x00007fff749e0000 - 0x00007fff74aa5000 	C:\WINDOWS\System32\OLEAUT32.dll
0x00007fff6ede0000 - 0x00007fff6f3a0000 	C:\WINDOWS\SYSTEM32\d2d1.dll
0x00007fff70330000 - 0x00007fff703bf000 	C:\WINDOWS\SYSTEM32\apphelp.dll
0x00007fff708f0000 - 0x00007fff7091d000 	C:\WINDOWS\system32\DWMAPI.DLL
0x00007fff704d0000 - 0x00007fff70569000 	C:\WINDOWS\system32\uxtheme.dll
0x00007fff5ade0000 - 0x00007fff5af36000 	C:\WINDOWS\system32\opengl32.dll
0x00007fff6b440000 - 0x00007fff6b46c000 	C:\WINDOWS\SYSTEM32\GLU32.dll
0x00007fff710b0000 - 0x00007fff710d0000 	C:\WINDOWS\SYSTEM32\dxcore.dll
0x00007fff73970000 - 0x00007fff73aa5000 	C:\WINDOWS\System32\MSCTF.dll
0x00007fff74280000 - 0x00007fff743d7000 	C:\WINDOWS\System32\ole32.dll
0x00007fff448c0000 - 0x00007fff44940000 	C:\Program Files\Java\jdk-11.0.2\bin\freetype.dll
0x00007fff47110000 - 0x00007fff4717f000 	C:\Program Files\Java\jdk-11.0.2\bin\fontmanager.dll
0x00007fff65580000 - 0x00007fff6558a000 	C:\Windows\System32\rasadhlp.dll
0x00007fff66720000 - 0x00007fff66797000 	C:\WINDOWS\System32\fwpuclnt.dll
0x00007fff64390000 - 0x00007fff6442d000 	C:\WINDOWS\System32\TextInputFramework.dll
0x00007fff6d840000 - 0x00007fff6db6a000 	C:\WINDOWS\System32\CoreUIComponents.dll
0x00007fff6ffb0000 - 0x00007fff70084000 	C:\WINDOWS\System32\CoreMessaging.dll
0x00007fff6dee0000 - 0x00007fff6e032000 	C:\WINDOWS\SYSTEM32\wintypes.dll
0x00007fff714b0000 - 0x00007fff714e1000 	C:\WINDOWS\SYSTEM32\ntmarta.dll

dbghelp: loaded successfully - version: 4.0.5 - missing functions: none
symbol engine: initialized successfully - sym options: 0x614 - pdb path: .;C:\Program Files\Java\jdk-11.0.2\bin;C:\WINDOWS\SYSTEM32;C:\WINDOWS\WinSxS\amd64_microsoft.windows.common-controls_6595b64144ccf1df_6.0.18362.1440_none_9e7dbfb9e45e8e67;C:\Program Files\Java\jdk-11.0.2\bin\server;C:\Program Files\NetBeans-12.0\netbeans\profiler\lib\deployed\jdk16\windows-amd64

VM Arguments:
jvm_args: -Dfile.encoding=UTF-8 -agentpath:C:/Program Files/NetBeans-12.0/netbeans/profiler/lib/deployed/jdk16/windows-amd64/profilerinterface.dll=C:\Program Files\NetBeans-12.0\netbeans\profiler\lib,5140,10 -XX:+HeapDumpOnOutOfMemoryError -XX:HeapDumpPath=C:\Users\diego\Documents\Programacion\ProyectosJava\adminUniversidad\nbproject\private\profiler --module-path=C:\Users\diego\Documents\Programacion\ProyectosJava\adminUniversidad\build\classes 
java_command: com.uni.controller.Main
java_class_path (initial): C:\Users\diego\Documents\Programacion\ProyectosJava\adminUniversidad\librerias\mysql-connector-java-5.1.48.jar;C:\Program Files\NetBeans-12.0\netbeans\java\modules\ext\AbsoluteLayout.jar;C:\Users\diego\Documents\Programacion\ProyectosJava\adminUniversidad\build\classes
Launcher Type: SUN_STANDARD

[Global flags]
     intx CICompilerCount                          = 3                                         {product} {ergonomic}
     uint ConcGCThreads                            = 1                                         {product} {ergonomic}
     uint G1ConcRefinementThreads                  = 4                                         {product} {ergonomic}
   size_t G1HeapRegionSize                         = 1048576                                   {product} {ergonomic}
    uintx GCDrainStackTargetSize                   = 64                                        {product} {ergonomic}
     bool HeapDumpOnOutOfMemoryError               = true                                   {manageable} {command line}
    ccstr HeapDumpPath                             = C:\Users\diego\Documents\Programacion\ProyectosJava\adminUniversidad\nbproject\private\profiler         {manageable} {command line}
   size_t InitialHeapSize                          = 134217728                                 {product} {ergonomic}
   size_t MarkStackSize                            = 4194304                                   {product} {ergonomic}
   size_t MaxHeapSize                              = 2116026368                                {product} {ergonomic}
   size_t MaxNewSize                               = 1268776960                                {product} {ergonomic}
   size_t MinHeapDeltaBytes                        = 1048576                                   {product} {ergonomic}
    uintx NonNMethodCodeHeapSize                   = 5830092                                {pd product} {ergonomic}
    uintx NonProfiledCodeHeapSize                  = 122914074                              {pd product} {ergonomic}
    uintx ProfiledCodeHeapSize                     = 122914074                              {pd product} {ergonomic}
    uintx ReservedCodeCacheSize                    = 251658240                              {pd product} {ergonomic}
     bool SegmentedCodeCache                       = true                                      {product} {ergonomic}
     bool UseCompressedClassPointers               = true                                 {lp64_product} {ergonomic}
     bool UseCompressedOops                        = true                                 {lp64_product} {ergonomic}
     bool UseG1GC                                  = true                                      {product} {ergonomic}
     bool UseLargePagesIndividualAllocation        = false                                  {pd product} {ergonomic}

Logging:
Log output configuration:
 #0: stdout all=warning uptime,level,tags
 #1: stderr all=off uptime,level,tags

Environment Variables:
PATH=C:\Program Files (x86)\Common Files\Oracle\Java\javapath;C:\Program Files (x86)\Intel\iCLS Client\;C:\Program Files\Intel\iCLS Client\;C:\WINDOWS\system32;C:\WINDOWS;C:\WINDOWS\System32\Wbem;C:\WINDOWS\System32\WindowsPowerShell\v1.0\;C:\Program Files\Intel\WiFi\bin\;C:\Program Files\Common Files\Intel\WirelessCommon\;C:\Program Files (x86)\Intel\Intel(R) Management Engine Components\DAL;C:\Program Files\Intel\Intel(R) Management Engine Components\DAL;C:\Program Files (x86)\Intel\Intel(R) Management Engine Components\IPT;C:\Program Files\Intel\Intel(R) Management Engine Components\IPT;C:\WINDOWS\System32\OpenSSH\;C:\Program Files\Git\cmd;C:\Users\diego\AppData\Local\Microsoft\WindowsApps;
USERNAME=diego
OS=Windows_NT
PROCESSOR_IDENTIFIER=Intel64 Family 6 Model 142 Stepping 9, GenuineIntel



---------------  S Y S T E M  ---------------

OS: Windows 10 , 64 bit Build 18362 (10.0.18362.1350)

CPU:total 4 (initial active 4) (2 cores per cpu, 2 threads per core) family 6 model 142 stepping 9, cmov, cx8, fxsr, mmx, sse, sse2, sse3, ssse3, sse4.1, sse4.2, popcnt, avx, avx2, aes, clmul, erms, 3dnowpref, lzcnt, ht, tsc, tscinvbit, bmi1, bmi2, adx, fma

Memory: 4k page, system-wide physical 8069M (1154M free)
TotalPageFile size 13650M (AvailPageFile size 2071M)
current process WorkingSet (physical memory assigned to process): 112M, peak: 113M
current process commit charge ("private bytes"): 246M, peak: 251M

vm_info: OpenJDK 64-Bit Server VM (11.0.2+9) for windows-amd64 JRE (11.0.2+9), built on Jan 18 2019 05:23:22 by "mach5one" with MS VC++ 15.5 (VS2017)

END.
